<?xml version="1.0" encoding="UTF-8"?>
<!-- Generated by org.testng.reporters.JUnitReportReporter -->
<testsuite hostname="LAPTOP-E6RQCE27" failures="0" tests="1" name="package2.SampleClass2Test" time="0.007" errors="0" timestamp="2024-11-08T13:08:29 IST" skipped="0">
  <testcase classname="package2.SampleClass2Test" name="method2Test" time="0.007"/>
  <system-out/>
</testsuite> <!-- package2.SampleClass2Test -->
